This is pdfTeX, Version 3.1415926-2.4-1.40.13 (TeX Live 2012/Debian) (format=pdflatex 2013.4.27)  12 JUL 2013 10:37
entering extended mode
 restricted \write18 enabled.
 %&-line parsing enabled.
**BEGSDraft.tex
(./BEGSDraft.tex
LaTeX2e <2011/06/27>
Babel <v3.8m> and hyphenation patterns for english, dumylang, nohyphenation, et
hiopic, farsi, arabic, pinyin, croatian, bulgarian, ukrainian, russian, slovak,
 czech, danish, dutch, usenglishmax, ukenglish, finnish, french, basque, ngerma
n, german, swissgerman, ngerman-x-2012-05-30, german-x-2012-05-30, monogreek, g
reek, ibycus, ancientgreek, hungarian, bengali, tamil, hindi, telugu, gujarati,
 sanskrit, malayalam, kannada, assamese, marathi, oriya, panjabi, italian, lati
n, latvian, lithuanian, mongolian, mongolianlmc, nynorsk, bokmal, indonesian, e
speranto, coptic, welsh, irish, interlingua, serbian, serbianc, slovenian, friu
lan, romansh, estonian, romanian, armenian, uppersorbian, turkish, afrikaans, i
celandic, kurmanji, polish, portuguese, galician, catalan, spanish, swedish, th
ai, loaded.
(/usr/share/texlive/texmf-dist/tex/latex/base/article.cls
Document Class: article 2007/10/19 v1.4h Standard LaTeX document class
(/usr/share/texlive/texmf-dist/tex/latex/base/size11.clo
File: size11.clo 2007/10/19 v1.4h Standard LaTeX file (size option)
)
\c@part=\count79
\c@section=\count80
\c@subsection=\count81
\c@subsubsection=\count82
\c@paragraph=\count83
\c@subparagraph=\count84
\c@figure=\count85
\c@table=\count86
\abovecaptionskip=\skip41
\belowcaptionskip=\skip42
\bibindent=\dimen102
)
(/usr/share/texlive/texmf-dist/tex/latex/amsfonts/amsfonts.sty
Package: amsfonts 2009/06/22 v3.00 Basic AMSFonts support
\@emptytoks=\toks14
\symAMSa=\mathgroup4
\symAMSb=\mathgroup5
LaTeX Font Info:    Overwriting math alphabet `\mathfrak' in version `bold'
(Font)                  U/euf/m/n --> U/euf/b/n on input line 96.
)
(/usr/share/texlive/texmf-dist/tex/latex/amsfonts/amssymb.sty
Package: amssymb 2009/06/22 v3.00
)
(/usr/share/texlive/texmf-dist/tex/latex/amsmath/amsmath.sty
Package: amsmath 2000/07/18 v2.13 AMS math features
\@mathmargin=\skip43

For additional information on amsmath, use the `?' option.
(/usr/share/texlive/texmf-dist/tex/latex/amsmath/amstext.sty
Package: amstext 2000/06/29 v2.01

(/usr/share/texlive/texmf-dist/tex/latex/amsmath/amsgen.sty
File: amsgen.sty 1999/11/30 v2.0
\@emptytoks=\toks15
\ex@=\dimen103
))
(/usr/share/texlive/texmf-dist/tex/latex/amsmath/amsbsy.sty
Package: amsbsy 1999/11/29 v1.2d
\pmbraise@=\dimen104
)
(/usr/share/texlive/texmf-dist/tex/latex/amsmath/amsopn.sty
Package: amsopn 1999/12/14 v2.01 operator names
)
\inf@bad=\count87
LaTeX Info: Redefining \frac on input line 211.
\uproot@=\count88
\leftroot@=\count89
LaTeX Info: Redefining \overline on input line 307.
\classnum@=\count90
\DOTSCASE@=\count91
LaTeX Info: Redefining \ldots on input line 379.
LaTeX Info: Redefining \dots on input line 382.
LaTeX Info: Redefining \cdots on input line 467.
\Mathstrutbox@=\box26
\strutbox@=\box27
\big@size=\dimen105
LaTeX Font Info:    Redeclaring font encoding OML on input line 567.
LaTeX Font Info:    Redeclaring font encoding OMS on input line 568.
\macc@depth=\count92
\c@MaxMatrixCols=\count93
\dotsspace@=\muskip10
\c@parentequation=\count94
\dspbrk@lvl=\count95
\tag@help=\toks16
\row@=\count96
\column@=\count97
\maxfields@=\count98
\andhelp@=\toks17
\eqnshift@=\dimen106
\alignsep@=\dimen107
\tagshift@=\dimen108
\tagwidth@=\dimen109
\totwidth@=\dimen110
\lineht@=\dimen111
\@envbody=\toks18
\multlinegap=\skip44
\multlinetaggap=\skip45
\mathdisplay@stack=\toks19
LaTeX Info: Redefining \[ on input line 2666.
LaTeX Info: Redefining \] on input line 2667.
)
(/usr/share/texlive/texmf-dist/tex/latex/graphics/graphicx.sty
Package: graphicx 1999/02/16 v1.0f Enhanced LaTeX Graphics (DPC,SPQR)

(/usr/share/texlive/texmf-dist/tex/latex/graphics/keyval.sty
Package: keyval 1999/03/16 v1.13 key=value parser (DPC)
\KV@toks@=\toks20
)
(/usr/share/texlive/texmf-dist/tex/latex/graphics/graphics.sty
Package: graphics 2009/02/05 v1.0o Standard LaTeX Graphics (DPC,SPQR)

(/usr/share/texlive/texmf-dist/tex/latex/graphics/trig.sty
Package: trig 1999/03/16 v1.09 sin cos tan (DPC)
)
(/usr/share/texlive/texmf-dist/tex/latex/latexconfig/graphics.cfg
File: graphics.cfg 2010/04/23 v1.9 graphics configuration of TeX Live
)
Package graphics Info: Driver file: pdftex.def on input line 91.

(/usr/share/texlive/texmf-dist/tex/latex/pdftex-def/pdftex.def
File: pdftex.def 2011/05/27 v0.06d Graphics/color for pdfTeX

(/usr/share/texlive/texmf-dist/tex/generic/oberdiek/infwarerr.sty
Package: infwarerr 2010/04/08 v1.3 Providing info/warning/error messages (HO)
)
(/usr/share/texlive/texmf-dist/tex/generic/oberdiek/ltxcmds.sty
Package: ltxcmds 2011/11/09 v1.22 LaTeX kernel commands for general use (HO)
)
\Gread@gobject=\count99
))
\Gin@req@height=\dimen112
\Gin@req@width=\dimen113
)
(/usr/share/texlive/texmf-dist/tex/latex/graphics/color.sty
Package: color 2005/11/14 v1.0j Standard LaTeX Color (DPC)

(/usr/share/texlive/texmf-dist/tex/latex/latexconfig/color.cfg
File: color.cfg 2007/01/18 v1.5 color configuration of teTeX/TeXLive
)
Package color Info: Driver file: pdftex.def on input line 130.
)
(/usr/share/texlive/texmf-dist/tex/latex/oberdiek/refcount.sty
Package: refcount 2011/10/16 v3.4 Data extraction from label references (HO)
)
(/usr/share/texlive/texmf-dist/tex/latex/natbib/natbib.sty
Package: natbib 2010/09/13 8.31b (PWD, AO)
\bibhang=\skip46
\bibsep=\skip47
LaTeX Info: Redefining \cite on input line 694.
\c@NAT@ctr=\count100
)
(/usr/share/texlive/texmf-dist/tex/latex/hyperref/hyperref.sty
Package: hyperref 2012/05/13 v6.82q Hypertext links for LaTeX

(/usr/share/texlive/texmf-dist/tex/generic/oberdiek/hobsub-hyperref.sty
Package: hobsub-hyperref 2012/05/28 v1.13 Bundle oberdiek, subset hyperref (HO)


(/usr/share/texlive/texmf-dist/tex/generic/oberdiek/hobsub-generic.sty
Package: hobsub-generic 2012/05/28 v1.13 Bundle oberdiek, subset generic (HO)
Package: hobsub 2012/05/28 v1.13 Construct package bundles (HO)
Package hobsub Info: Skipping package `infwarerr' (already loaded).
Package hobsub Info: Skipping package `ltxcmds' (already loaded).
Package: ifluatex 2010/03/01 v1.3 Provides the ifluatex switch (HO)
Package ifluatex Info: LuaTeX not detected.
Package: ifvtex 2010/03/01 v1.5 Detect VTeX and its facilities (HO)
Package ifvtex Info: VTeX not detected.
Package: intcalc 2007/09/27 v1.1 Expandable calculations with integers (HO)
Package: ifpdf 2011/01/30 v2.3 Provides the ifpdf switch (HO)
Package ifpdf Info: pdfTeX in PDF mode is detected.
Package: etexcmds 2011/02/16 v1.5 Avoid name clashes with e-TeX commands (HO)
Package etexcmds Info: Could not find \expanded.
(etexcmds)             That can mean that you are not using pdfTeX 1.50 or
(etexcmds)             that some package has redefined \expanded.
(etexcmds)             In the latter case, load this package earlier.
Package: kvsetkeys 2012/04/25 v1.16 Key value parser (HO)
Package: kvdefinekeys 2011/04/07 v1.3 Define keys (HO)
Package: pdftexcmds 2011/11/29 v0.20 Utility functions of pdfTeX for LuaTeX (HO
)
Package pdftexcmds Info: LuaTeX not detected.
Package pdftexcmds Info: \pdf@primitive is available.
Package pdftexcmds Info: \pdf@ifprimitive is available.
Package pdftexcmds Info: \pdfdraftmode found.
Package: pdfescape 2011/11/25 v1.13 Implements pdfTeX's escape features (HO)
Package: bigintcalc 2012/04/08 v1.3 Expandable calculations on big integers (HO
)
Package: bitset 2011/01/30 v1.1 Handle bit-vector datatype (HO)
Package: uniquecounter 2011/01/30 v1.2 Provide unlimited unique counter (HO)
)
Package hobsub Info: Skipping package `hobsub' (already loaded).
Package: letltxmacro 2010/09/02 v1.4 Let assignment for LaTeX macros (HO)
Package: hopatch 2012/05/28 v1.2 Wrapper for package hooks (HO)
Package: xcolor-patch 2011/01/30 xcolor patch
Package: atveryend 2011/06/30 v1.8 Hooks at the very end of document (HO)
Package atveryend Info: \enddocument detected (standard20110627).
Package: atbegshi 2011/10/05 v1.16 At begin shipout hook (HO)
Package hobsub Info: Skipping package `refcount' (already loaded).
Package: hycolor 2011/01/30 v1.7 Color options for hyperref/bookmark (HO)
)
(/usr/share/texlive/texmf-dist/tex/generic/ifxetex/ifxetex.sty
Package: ifxetex 2010/09/12 v0.6 Provides ifxetex conditional
)
(/usr/share/texlive/texmf-dist/tex/latex/oberdiek/kvoptions.sty
Package: kvoptions 2011/06/30 v3.11 Key value format for package options (HO)
)
\@linkdim=\dimen114
\Hy@linkcounter=\count101
\Hy@pagecounter=\count102

(/usr/share/texlive/texmf-dist/tex/latex/hyperref/pd1enc.def
File: pd1enc.def 2012/05/13 v6.82q Hyperref: PDFDocEncoding definition (HO)
)
\Hy@SavedSpaceFactor=\count103

(/usr/share/texlive/texmf-dist/tex/latex/latexconfig/hyperref.cfg
File: hyperref.cfg 2002/06/06 v1.2 hyperref configuration of TeXLive
)
Package hyperref Info: Hyper figures OFF on input line 4062.
Package hyperref Info: Link nesting OFF on input line 4067.
Package hyperref Info: Hyper index ON on input line 4070.
Package hyperref Info: Plain pages OFF on input line 4077.
Package hyperref Info: Backreferencing OFF on input line 4082.
Package hyperref Info: Implicit mode ON; LaTeX internals redefined.
Package hyperref Info: Bookmarks ON on input line 4300.
\c@Hy@tempcnt=\count104

(/usr/share/texlive/texmf-dist/tex/latex/url/url.sty
\Urlmuskip=\muskip11
Package: url 2006/04/12  ver 3.3  Verb mode for urls, etc.
)
LaTeX Info: Redefining \url on input line 4653.
\Fld@menulength=\count105
\Field@Width=\dimen115
\Fld@charsize=\dimen116
Package hyperref Info: Hyper figures OFF on input line 5773.
Package hyperref Info: Link nesting OFF on input line 5778.
Package hyperref Info: Hyper index ON on input line 5781.
Package hyperref Info: backreferencing OFF on input line 5788.
Package hyperref Info: Link coloring OFF on input line 5793.
Package hyperref Info: Link coloring with OCG OFF on input line 5798.
Package hyperref Info: PDF/A mode OFF on input line 5803.
LaTeX Info: Redefining \ref on input line 5843.
LaTeX Info: Redefining \pageref on input line 5847.
\Hy@abspage=\count106
\c@Item=\count107
\c@Hfootnote=\count108
)

Package hyperref Message: Driver (autodetected): hpdftex.

(/usr/share/texlive/texmf-dist/tex/latex/hyperref/hpdftex.def
File: hpdftex.def 2012/05/13 v6.82q Hyperref driver for pdfTeX
\Fld@listcount=\count109
\c@bookmark@seq@number=\count110

(/usr/share/texlive/texmf-dist/tex/latex/oberdiek/rerunfilecheck.sty
Package: rerunfilecheck 2011/04/15 v1.7 Rerun checks for auxiliary files (HO)
Package uniquecounter Info: New unique counter `rerunfilecheck' on input line 2
82.
)
\Hy@SectionHShift=\skip48
)
\c@theorem=\count111
\c@assumption=\count112
\c@axiom=\count113
\c@conjecture=\count114
\c@corollary=\count115
\c@definition=\count116
\c@lemma=\count117
\c@proposition=\count118
\c@example=\count119
\c@exercise=\count120
\c@notation=\count121
\c@remark=\count122

(./sw20elba.sty
TCI Document Style `sw20elba' <1 July 1994>.
NOTICE: This macro file is NOT proprietary and may be freely copied and distrib
uted.
\dummy=\dimen117
) (./tcilatex.tex
TCILATEX Macros for Scientific Word 2.5 <22 Dec 95>.
NOTICE: This macro file is NOT proprietary and may be freely copied and distrib
uted.
\@hour=\count123
\@minute=\count124
\GRAPHICSTYPE=\count125
\draft=\count126
\dispkind=\count127
\c@chapter=\count128
\theight=\dimen118
LaTeX Info: Redefining \rm on input line 557.
LaTeX Info: Redefining \sf on input line 558.
LaTeX Info: Redefining \tt on input line 559.
LaTeX Info: Redefining \bf on input line 560.
LaTeX Info: Redefining \it on input line 561.
LaTeX Info: Redefining \sl on input line 562.
LaTeX Info: Redefining \sc on input line 563.
(/usr/share/texlive/texmf-dist/tex/latex/base/latexsym.sty
Package: latexsym 1998/08/17 v2.2e Standard LaTeX package (lasy symbols)
\symlasy=\mathgroup6
LaTeX Font Info:    Overwriting symbol font `lasy' in version `bold'
(Font)                  U/lasy/m/n --> U/lasy/b/n on input line 47.
)
\c@equationnumber=\count129

amsgen already loaded)

LaTeX Warning: Unused global option(s):
    [thmsb].

(./BEGSDraft.aux)
\openout1 = `BEGSDraft.aux'.

LaTeX Font Info:    Checking defaults for OML/cmm/m/it on input line 138.
LaTeX Font Info:    ... okay on input line 138.
LaTeX Font Info:    Checking defaults for T1/cmr/m/n on input line 138.
LaTeX Font Info:    ... okay on input line 138.
LaTeX Font Info:    Checking defaults for OT1/cmr/m/n on input line 138.
LaTeX Font Info:    ... okay on input line 138.
LaTeX Font Info:    Checking defaults for OMS/cmsy/m/n on input line 138.
LaTeX Font Info:    ... okay on input line 138.
LaTeX Font Info:    Checking defaults for OMX/cmex/m/n on input line 138.
LaTeX Font Info:    ... okay on input line 138.
LaTeX Font Info:    Checking defaults for U/cmr/m/n on input line 138.
LaTeX Font Info:    ... okay on input line 138.
LaTeX Font Info:    Checking defaults for PD1/pdf/m/n on input line 138.
LaTeX Font Info:    ... okay on input line 138.
 (/usr/share/texlive/texmf-dist/tex/context/base/supp-pdf.mkii
[Loading MPS to PDF converter (version 2006.09.02).]
\scratchcounter=\count130
\scratchdimen=\dimen119
\scratchbox=\box28
\nofMPsegments=\count131
\nofMParguments=\count132
\everyMPshowfont=\toks21
\MPscratchCnt=\count133
\MPscratchDim=\dimen120
\MPnumerator=\count134
\makeMPintoPDFobject=\count135
\everyMPtoPDFconversion=\toks22
) (/usr/share/texlive/texmf-dist/tex/latex/oberdiek/epstopdf-base.sty
Package: epstopdf-base 2010/02/09 v2.5 Base part for package epstopdf

(/usr/share/texlive/texmf-dist/tex/latex/oberdiek/grfext.sty
Package: grfext 2010/08/19 v1.1 Manage graphics extensions (HO)
)
Package grfext Info: Graphics extension search list:
(grfext)             [.png,.pdf,.jpg,.mps,.jpeg,.jbig2,.jb2,.PNG,.PDF,.JPG,.JPE
G,.JBIG2,.JB2,.eps]
(grfext)             \AppendGraphicsExtensions on input line 452.

(/usr/share/texlive/texmf-dist/tex/latex/latexconfig/epstopdf-sys.cfg
File: epstopdf-sys.cfg 2010/07/13 v1.3 Configuration of (r)epstopdf for TeX Liv
e
))
\AtBeginShipoutBox=\box29
Package hyperref Info: Link coloring OFF on input line 138.

(/usr/share/texlive/texmf-dist/tex/latex/hyperref/nameref.sty
Package: nameref 2010/04/30 v2.40 Cross-referencing by name of section

(/usr/share/texlive/texmf-dist/tex/generic/oberdiek/gettitlestring.sty
Package: gettitlestring 2010/12/03 v1.4 Cleanup title references (HO)
)
\c@section@level=\count136
)
LaTeX Info: Redefining \ref on input line 138.
LaTeX Info: Redefining \pageref on input line 138.
LaTeX Info: Redefining \nameref on input line 138.

(./BEGSDraft.out) (./BEGSDraft.out)
\@outlinefile=\write3
\openout3 = `BEGSDraft.out'.

LaTeX Font Info:    Try loading font information for U+msa on input line 152.

(/usr/share/texlive/texmf-dist/tex/latex/amsfonts/umsa.fd
File: umsa.fd 2009/06/22 v3.00 AMS symbols A
)
LaTeX Font Info:    Try loading font information for U+msb on input line 152.

(/usr/share/texlive/texmf-dist/tex/latex/amsfonts/umsb.fd
File: umsb.fd 2009/06/22 v3.00 AMS symbols B
)
LaTeX Font Info:    Try loading font information for U+lasy on input line 152.

(/usr/share/texlive/texmf-dist/tex/latex/base/ulasy.fd
File: ulasy.fd 1998/08/17 v2.2e LaTeX symbol font definitions
) [1

{/var/lib/texmf/fonts/map/pdftex/updmap/pdftex.map}]

Package natbib Warning: Citation `newcomb1865critical' on page 1 undefined on i
nput line 211.

pdfTeX warning (ext4): destination with the same identifier (name{page.1}) has 
been already used, duplicate ignored
<to be read again> 
                   \relax 
l.257 
       [1]

Package natbib Warning: Citation `Aiyagari2002' on page 2 undefined on input li
ne 280.

[2] <Draft25Graphs/affine_taxes.pdf, id=158, 501.55379pt x 354.12299pt>
File: Draft25Graphs/affine_taxes.pdf Graphic file (type pdf)

<use Draft25Graphs/affine_taxes.pdf>
Package pdftex.def Info: Draft25Graphs/affine_taxes.pdf used on input line 308.

(pdftex.def)             Requested size: 361.36336pt x 216.8144pt.


Package natbib Warning: Citation `Barro1979' on page 3 undefined on input line 
321.


Package natbib Warning: Citation `LucasJr.1983' on page 3 undefined on input li
ne 321.


Package natbib Warning: Citation `Chari1994' on page 3 undefined on input line 
321.

[3 <./Draft25Graphs/affine_taxes.pdf>]

Package natbib Warning: Citation `golosov2007new' on page 4 undefined on input 
line 333.


Package natbib Warning: Citation `Bassetto2004' on page 4 undefined on input li
ne 336.


Package natbib Warning: Citation `Bassetto2004' on page 4 undefined on input li
ne 344.


Package natbib Warning: Citation `shin2006ramsey' on page 4 undefined on input 
line 344.


Package natbib Warning: Citation `Wer07a' on page 4 undefined on input line 344
.


Package natbib Warning: Citation `LucasJr.1983' on page 4 undefined on input li
ne 347.


Package natbib Warning: Citation `shin2006ramsey' on page 4 undefined on input 
line 358.

[4]

Package natbib Warning: Citation `Wer07a' on page 5 undefined on input line 370
.


Package natbib Warning: Citation `Wer07a' on page 5 undefined on input line 379
.


Package natbib Warning: Citation `Werning2012' on page 5 undefined on input lin
e 385.


Package natbib Warning: Citation `Azzimonti2008' on page 5 undefined on input l
ine 389.


Package natbib Warning: Citation `Azzimonti2008a' on page 5 undefined on input 
line 389.


Package natbib Warning: Citation `Correia2010' on page 5 undefined on input lin
e 389.

[5] [6]

Package hyperref Warning: Token not allowed in a PDF string (PDFDocEncoding):
(hyperref)                removing `\new@ifnextchar' on input line 567.


Package hyperref Warning: Token not allowed in a PDF string (PDFDocEncoding):
(hyperref)                removing `\smallskipamount' on input line 567.

[7]

Package natbib Warning: Citation `Wallace1981' on page 8 undefined on input lin
e 665.


Package natbib Warning: Citation `sargent1987dynamic' on page 8 undefined on in
put line 665.


Package natbib Warning: Citation `Bryant1984' on page 8 undefined on input line
 702.


Package natbib Warning: Citation `Sargent1987' on page 8 undefined on input lin
e 702.

[8]

Package natbib Warning: Citation `Yared2010' on page 9 undefined on input line 
735.


Package natbib Warning: Citation `Yared2013' on page 9 undefined on input line 
735.


Package natbib Warning: Citation `golosov2007new' on page 9 undefined on input 
line 795.


Package natbib Warning: Citation `kocherlakota2010new' on page 9 undefined on i
nput line 795.

[9]

Package natbib Warning: Citation `Bassetto2004' on page 10 undefined on input l
ine 850.


Package natbib Warning: Citation `newcomb1865critical' on page 10 undefined on 
input line 880.

[10] [11]

Package natbib Warning: Citation `Magill1994' on page 12 undefined on input lin
e 945.


Package natbib Warning: Citation `Constantinides1996' on page 12 undefined on i
nput line 945.


Package natbib Warning: Citation `LucasJr.1983' on page 12 undefined on input l
ine 963.

LaTeX Font Info:    Font shape `U/lasy/b/n' in size <8> not available
(Font)              Font shape `U/lasy/m/n' tried instead on input line 990.
LaTeX Font Info:    Font shape `U/lasy/b/n' in size <6> not available
(Font)              Font shape `U/lasy/m/n' tried instead on input line 990.

Package natbib Warning: Citation `Kydland1980' on page 12 undefined on input li
ne 991.


Package natbib Warning: Citation `Farhi2010' on page 12 undefined on input line
 991.

[12]

Package natbib Warning: Citation `Farhi2010' on page 13 undefined on input line
 1073.


Package natbib Warning: Citation `Battaglini2007' on page 13 undefined on input
 line 1073.


Package natbib Warning: Citation `Battaglini2008' on page 13 undefined on input
 line 1073.


Package natbib Warning: Citation `Yared2010' on page 13 undefined on input line
 1073.


Package natbib Warning: Citation `Faraglia2011' on page 13 undefined on input l
ine 1073.

[13] [14]
Overfull \hbox (13.72356pt too wide) detected at line 1243
[] [] []\OML/cmm/m/it/10.95 ^^Y[][]^^R[]H[]\OT1/cmr/m/n/10.95 ([]\OML/cmm/m/it/
10.95 ^^\[]\OT1/cmr/m/n/10.95 ) \OMS/cmsy/m/n/10.95 ^^@ \OML/cmm/m/it/10.95 g[]
 \OMS/cmsy/m/n/10.95 ^^@ \OT1/cmr/m/n/10.95 (1 \OMS/cmsy/m/n/10.95 ^^@ []\OML/c
mm/m/it/10.95 ^^\[]\OT1/cmr/m/n/10.95 )[]\OML/cmm/m/it/10.95 ^^R[]H[]\OT1/cmr/m
/n/10.95 (1 \OMS/cmsy/m/n/10.95 ^^@ []\OML/cmm/m/it/10.95 ^^\[]\OT1/cmr/m/n/10.
95 ) \OMS/cmsy/m/n/10.95 ^^@ \OML/cmm/m/it/10.95 T[] \OMS/cmsy/m/n/10.95 ^^@ []
 [] \OT1/cmr/m/n/10.95 = 0
 []


Package natbib Warning: Citation `LucasJr.1983' on page 15 undefined on input l
ine 1274.

[15]
Overfull \hbox (2.82448pt too wide) detected at line 1316
[] [] []\OML/cmm/m/it/10.95 ^^Y[][]^^R[]H[]\OT1/cmr/m/n/10.95 ([]\OML/cmm/m/it/
10.95 ^^\[]\OT1/cmr/m/n/10.95 ) \OMS/cmsy/m/n/10.95 ^^@ \OML/cmm/m/it/10.95 g[]
 \OMS/cmsy/m/n/10.95 ^^@ \OT1/cmr/m/n/10.95 (1 \OMS/cmsy/m/n/10.95 ^^@ []\OML/c
mm/m/it/10.95 ^^\\OT1/cmr/m/n/10.95 )[]\OML/cmm/m/it/10.95 ^^R[]H[]\OT1/cmr/m/n
/10.95 (1 \OMS/cmsy/m/n/10.95 ^^@ []\OML/cmm/m/it/10.95 ^^\[]\OT1/cmr/m/n/10.95
 ) \OMS/cmsy/m/n/10.95 ^^@ [] [] \OT1/cmr/m/n/10.95 = 0
 []

[16]
Package epstopdf Info: Source file: <Draft25Graphs/BEGS_AMSS.eps>
(epstopdf)                    date: 2013-07-08 00:37:44
(epstopdf)                    size: 37720 bytes
(epstopdf)             Output file: <Draft25Graphs/BEGS_AMSS-eps-converted-to.p
df>
(epstopdf)                    date: 2013-07-08 00:40:26
(epstopdf)                    size: 22916 bytes
(epstopdf)             Command: <repstopdf --outfile=Draft25Graphs/BEGS_AMSS-ep
s-converted-to.pdf Draft25Graphs/BEGS_AMSS.eps>
(epstopdf)             \includegraphics on input line 1369.
Package epstopdf Info: Output file is already uptodate.

<Draft25Graphs/BEGS_AMSS-eps-converted-to.pdf, id=435, 1445.4pt x 741.77126pt>
File: Draft25Graphs/BEGS_AMSS-eps-converted-to.pdf Graphic file (type pdf)

<use Draft25Graphs/BEGS_AMSS-eps-converted-to.pdf>
Package pdftex.def Info: Draft25Graphs/BEGS_AMSS-eps-converted-to.pdf used on i
nput line 1369.
(pdftex.def)             Requested size: 498.24408pt x 255.6963pt.


Package hyperref Warning: Token not allowed in a PDF string (PDFDocEncoding):
(hyperref)                removing `\new@ifnextchar' on input line 1376.


Package hyperref Warning: Token not allowed in a PDF string (PDFDocEncoding):
(hyperref)                removing `\smallskipamount' on input line 1376.

[17 <./Draft25Graphs/BEGS_AMSS-eps-converted-to.pdf>]
Underfull \hbox (badness 3088) in paragraph at lines 1407--1412
[]\OT1/cmr/m/it/10.95 There ex-ist $[]$ such that the op-ti-mal equi-lib-rium i
s in-te-rior if $[] \OMS/cmsy/m/n/10.95 2
 []

[18]
Underfull \hbox (badness 3758) in paragraph at lines 1454--1464
[]\OT1/cmr/m/n/10.95 For all ini-tial con-di-tions, the long run as-set level o
f the gov-ern-ment is bounded by
 []


Package hyperref Warning: Token not allowed in a PDF string (PDFDocEncoding):
(hyperref)                removing `\new@ifnextchar' on input line 1489.


Package hyperref Warning: Token not allowed in a PDF string (PDFDocEncoding):
(hyperref)                removing `\smallskipamount' on input line 1489.

[19]

Package natbib Warning: Citation `Barro1979' on page 20 undefined on input line
 1557.

[20]

Package natbib Warning: Citation `Ray2002' on page 21 undefined on input line 1
576.


Package natbib Warning: Citation `Albanesi2012' on page 21 undefined on input l
ine 1576.

[21]

Package hyperref Warning: Token not allowed in a PDF string (PDFDocEncoding):
(hyperref)                removing `\new@ifnextchar' on input line 1641.


Package hyperref Warning: Token not allowed in a PDF string (PDFDocEncoding):
(hyperref)                removing `\smallskipamount' on input line 1641.


Package natbib Warning: Citation `Judd2011' on page 22 undefined on input line 
1667.


Package hyperref Warning: Token not allowed in a PDF string (PDFDocEncoding):
(hyperref)                removing `\new@ifnextchar' on input line 1692.


Package hyperref Warning: Token not allowed in a PDF string (PDFDocEncoding):
(hyperref)                removing `\smallskipamount' on input line 1692.

[22]

Package natbib Warning: Citation `Autor2008' on page 23 undefined on input line
 1708.


Package natbib Warning: Citation `Chari1994' on page 23 undefined on input line
 1714.


Package natbib Warning: Citation `Chari1994' on page 23 undefined on input line
 1714.


Package natbib Warning: Citation `Boldrin2001' on page 23 undefined on input li
ne 1730.


Package natbib Warning: Citation `NBERw18035' on page 23 undefined on input lin
e 1731.

[23]

Package natbib Warning: Citation `Chari1994' on page 24 undefined on input line
 1801.


Package natbib Warning: Citation `Faraglia2011' on page 24 undefined on input l
ine 1808.

Package epstopdf Info: Source file: <Draft25Graphs/LongSimulations.eps>
(epstopdf)                    date: 2013-07-09 20:09:07
(epstopdf)                    size: 55002 bytes
(epstopdf)             Output file: <Draft25Graphs/LongSimulations-eps-converte
d-to.pdf>
(epstopdf)                    date: 2013-07-09 20:09:11
(epstopdf)                    size: 25185 bytes
(epstopdf)             Command: <repstopdf --outfile=Draft25Graphs/LongSimulati
ons-eps-converted-to.pdf Draft25Graphs/LongSimulations.eps>
(epstopdf)             \includegraphics on input line 1830.
Package epstopdf Info: Output file is already uptodate.

<Draft25Graphs/LongSimulations-eps-converted-to.pdf, id=568, 1283.79625pt x 659
.46375pt>
File: Draft25Graphs/LongSimulations-eps-converted-to.pdf Graphic file (type pdf
)
 <use Draft25Graphs/LongSimulations-eps-converted-to.pdf>
Package pdftex.def Info: Draft25Graphs/LongSimulations-eps-converted-to.pdf use
d on input line 1830.
(pdftex.def)             Requested size: 498.24408pt x 255.93199pt.
 [24]
[25 <./Draft25Graphs/LongSimulations-eps-converted-to.pdf>]
Overfull \hbox (13.82008pt too wide) in paragraph at lines 1919--1936
[][] 
 []

[26] <Draft25Graphs/DiscoutFactorComparison.png, id=618, 1284.8pt x 659.263pt>
File: Draft25Graphs/DiscoutFactorComparison.png Graphic file (type png)

<use Draft25Graphs/DiscoutFactorComparison.png>
Package pdftex.def Info: Draft25Graphs/DiscoutFactorComparison.png used on inpu
t line 1975.
(pdftex.def)             Requested size: 498.24408pt x 255.66296pt.

<Draft25Graphs/DiscoutFactorComparison2.png, id=619, 1284.8pt x 659.263pt>
File: Draft25Graphs/DiscoutFactorComparison2.png Graphic file (type png)

<use Draft25Graphs/DiscoutFactorComparison2.png>
Package pdftex.def Info: Draft25Graphs/DiscoutFactorComparison2.png used on inp
ut line 1982.
(pdftex.def)             Requested size: 498.24408pt x 255.66296pt.


Package natbib Warning: Citation `Reinhart2010' on page 27 undefined on input l
ine 1993.


Package natbib Warning: Citation `Wer07a' on page 27 undefined on input line 19
94.

[27 <./Draft25Graphs/DiscoutFactorComparison.png (PNG copy)>] [28 <./Draft25Gra
phs/DiscoutFactorComparison2.png (PNG copy)>] [29]

Package natbib Warning: Citation `Yared2010' on page 30 undefined on input line
 2251.


Package natbib Warning: Citation `Aiyagari1998' on page 30 undefined on input l
ine 2257.


Package natbib Warning: Citation `Heathcote2005' on page 30 undefined on input 
line 2257.


Package hyperref Warning: Token not allowed in a PDF string (PDFDocEncoding):
(hyperref)                removing `\new@ifnextchar' on input line 2266.


Package hyperref Warning: Token not allowed in a PDF string (PDFDocEncoding):
(hyperref)                removing `\smallskipamount' on input line 2266.

[30]

Package natbib Warning: Citation `Constantinides1996' on page 31 undefined on i
nput line 2318.


Overfull \hbox (62.93567pt too wide) in alignment at lines 2338--2345
 [][][] []
 []

[31] [32] [33] [34] [35] [36] [37] [38] [39] [40] [41] [42]

Package natbib Warning: Citation `Golosov01052007' on page 43 undefined on inpu
t line 3108.

[43] [44] [45] [46]
Underfull \hbox (badness 10000) in paragraph at lines 3311--3313
\OT1/cmr/m/n/10.95 A steady state will then be a set of al-lo-ca-tions and La-g
range mul-ti-pli-ers
 []


Underfull \hbox (badness 4779) in paragraph at lines 3311--3313
\OMS/cmsy/m/n/10.95 f\OML/cmm/m/it/10.95 c[]\OT1/cmr/m/n/10.95 (\OML/cmm/m/it/1
0.95 s\OT1/cmr/m/n/10.95 )\OML/cmm/m/it/10.95 ; c[]\OT1/cmr/m/n/10.95 (\OML/cmm
/m/it/10.95 s\OT1/cmr/m/n/10.95 )\OML/cmm/m/it/10.95 ; l[]\OT1/cmr/m/n/10.95 (\
OML/cmm/m/it/10.95 s\OT1/cmr/m/n/10.95 )\OML/cmm/m/it/10.95 ; l[]\OT1/cmr/m/n/1
0.95 (\OML/cmm/m/it/10.95 s\OT1/cmr/m/n/10.95 )\OML/cmm/m/it/10.95 ; x; []^^Z; 
[]^^V\OT1/cmr/m/n/10.95 (\OML/cmm/m/it/10.95 s\OT1/cmr/m/n/10.95 )\OML/cmm/m/it
/10.95 ; []^^U; []^^^\OT1/cmr/m/n/10.95 (\OML/cmm/m/it/10.95 s\OT1/cmr/m/n/10.9
5 )\OML/cmm/m/it/10.95 ; []^^X\OT1/cmr/m/n/10.95 (\OML/cmm/m/it/10.95 s\OT1/cmr
/m/n/10.95 )\OML/cmm/m/it/10.95 ; []^^P\OT1/cmr/m/n/10.95 (\OML/cmm/m/it/10.95 
s\OT1/cmr/m/n/10.95 )\OMS/cmsy/m/n/10.95 g$ \OT1/cmr/m/n/10.95 that solve equa-
tions ([]78a[])-([]78e[]), ([]79a[])-([]79f[]),
 []

[47] [48] [49] (./BEGSDraft.bbl
Missing character: There is no ‚ in font cmr10!
Missing character: There is no Ä in font cmr10!
Missing character: There is no ê in font cmr10!
 [50]
Underfull \hbox (badness 1796) in paragraph at lines 107--110
[]\OT1/cmr/bx/n/10.95 Correia, Is-abel. \OT1/cmr/m/n/10.95 2010. ``Con-sump-tio
n taxes and re-dis-tri-bu-tion.'' \OT1/cmr/m/it/10.95 Amer-i-can Eco-nomic Re-v
iew\OT1/cmr/m/n/10.95 ,
 []


Underfull \hbox (badness 3323) in paragraph at lines 107--110
\OT1/cmr/m/n/10.95 100(Septem-ber): 1673--1694, URL: []$\OT1/cmtt/m/n/10.95 htt
p : / / www . ingentaconnect . com / content / aea / aer / 2010 /
 []

[51]
Underfull \hbox (badness 1769) in paragraph at lines 216--221
\OT1/cmr/m/n/10.95 122(Au-gust): 925--967, URL: []$\OT1/cmtt/m/n/10.95 http : /
 / qje . oxfordjournals . org / content / 122 / 3 / 925 . abstract$[]\OT1/cmr/m
/n/10.95 ,
 []

[52])

Package natbib Warning: There were undefined citations.

Package atveryend Info: Empty hook `BeforeClearDocument' on input line 3364.
[53]
Package atveryend Info: Empty hook `AfterLastShipout' on input line 3364.
 (./BEGSDraft.aux

Package natbib Warning: Citation(s) may have changed.
(natbib)                Rerun to get citations correct.

)
Package atveryend Info: Executing hook `AtVeryEndDocument' on input line 3364.
Package atveryend Info: Executing hook `AtEndAfterFileList' on input line 3364.

Package rerunfilecheck Info: File `BEGSDraft.out' has not changed.
(rerunfilecheck)             Checksum: 1E0661F8C190F7D5809687015B308439;2091.
Package atveryend Info: Empty hook `AtVeryVeryEnd' on input line 3364.
 )
(\end occurred inside a group at level 1)

### simple group (level 1) entered at line 1390 ({)
### bottom level
(\end occurred when \ifx on line 678 was incomplete) 
Here is how much of TeX's memory you used:
 7183 strings out of 493485
 101569 string characters out of 3143526
 200691 words of memory out of 3000000
 10036 multiletter control sequences out of 15000+200000
 23127 words of font info for 92 fonts, out of 3000000 for 9000
 957 hyphenation exceptions out of 8191
 32i,21n,32p,1262b,580s stack positions out of 5000i,500n,10000p,200000b,50000s
</usr/share/texlive/texmf-d
ist/fonts/type1/public/amsfonts/cm/cmbx10.pfb></usr/share/texlive/texmf-dist/fo
nts/type1/public/amsfonts/cm/cmbx12.pfb></usr/share/texlive/texmf-dist/fonts/ty
pe1/public/amsfonts/cm/cmbx8.pfb></usr/share/texlive/texmf-dist/fonts/type1/pub
lic/amsfonts/cm/cmbx9.pfb></usr/share/texlive/texmf-dist/fonts/type1/public/ams
fonts/cm/cmbxti10.pfb></usr/share/texlive/texmf-dist/fonts/type1/public/amsfont
s/cm/cmcsc10.pfb></usr/share/texlive/texmf-dist/fonts/type1/public/amsfonts/cm/
cmex10.pfb></usr/share/texlive/texmf-dist/fonts/type1/public/amsfonts/cmextra/c
mex9.pfb></usr/share/texlive/texmf-dist/fonts/type1/public/amsfonts/cm/cmmi10.p
fb></usr/share/texlive/texmf-dist/fonts/type1/public/amsfonts/cm/cmmi5.pfb></us
r/share/texlive/texmf-dist/fonts/type1/public/amsfonts/cm/cmmi6.pfb></usr/share
/texlive/texmf-dist/fonts/type1/public/amsfonts/cm/cmmi7.pfb></usr/share/texliv
e/texmf-dist/fonts/type1/public/amsfonts/cm/cmmi8.pfb></usr/share/texlive/texmf
-dist/fonts/type1/public/amsfonts/cm/cmmi9.pfb></usr/share/texlive/texmf-dist/f
onts/type1/public/amsfonts/cm/cmmib10.pfb></usr/share/texlive/texmf-dist/fonts/
type1/public/amsfonts/cmextra/cmmib8.pfb></usr/share/texlive/texmf-dist/fonts/t
ype1/public/amsfonts/cm/cmr10.pfb></usr/share/texlive/texmf-dist/fonts/type1/pu
blic/amsfonts/cm/cmr12.pfb></usr/share/texlive/texmf-dist/fonts/type1/public/am
sfonts/cm/cmr5.pfb></usr/share/texlive/texmf-dist/fonts/type1/public/amsfonts/c
m/cmr6.pfb></usr/share/texlive/texmf-dist/fonts/type1/public/amsfonts/cm/cmr7.p
fb></usr/share/texlive/texmf-dist/fonts/type1/public/amsfonts/cm/cmr8.pfb></usr
/share/texlive/texmf-dist/fonts/type1/public/amsfonts/cm/cmr9.pfb></usr/share/t
exlive/texmf-dist/fonts/type1/public/amsfonts/cm/cmsy10.pfb></usr/share/texlive
/texmf-dist/fonts/type1/public/amsfonts/cm/cmsy6.pfb></usr/share/texlive/texmf-
dist/fonts/type1/public/amsfonts/cm/cmsy7.pfb></usr/share/texlive/texmf-dist/fo
nts/type1/public/amsfonts/cm/cmsy8.pfb></usr/share/texlive/texmf-dist/fonts/typ
e1/public/amsfonts/cm/cmsy9.pfb></usr/share/texlive/texmf-dist/fonts/type1/publ
ic/amsfonts/cm/cmti10.pfb></usr/share/texlive/texmf-dist/fonts/type1/public/ams
fonts/cm/cmti9.pfb></usr/share/texlive/texmf-dist/fonts/type1/public/amsfonts/c
m/cmtt10.pfb></usr/share/texlive/texmf-dist/fonts/type1/public/amsfonts/symbols
/msam10.pfb></usr/share/texlive/texmf-dist/fonts/type1/public/amsfonts/symbols/
msbm10.pfb>
Output written on BEGSDraft.pdf (54 pages, 794926 bytes).
PDF statistics:
 1246 PDF objects out of 1440 (max. 8388607)
 1099 compressed objects within 11 object streams
 343 named destinations out of 1000 (max. 500000)
 258 words of extra memory for PDF output out of 10000 (max. 10000000)

