\BOOKMARK [1][-]{section.1}{Introduction}{}% 1
\BOOKMARK [2][-]{subsection.1.1}{Relationships to literatures}{section.1}% 2
\BOOKMARK [1][-]{section.2}{Environment}{}% 3
\BOOKMARK [1][-]{section.3}{Relevant and Irrelevant Aspects of the Distribution of Government Debt}{}% 4
\BOOKMARK [2][-]{subsection.3.1}{Extension: Borrowing constraints}{section.3}% 5
\BOOKMARK [2][-]{subsection.3.2}{Ricardian irrelevance and optimal equilibria}{section.3}% 6
\BOOKMARK [1][-]{section.4}{Quasi-linear preferences}{}% 7
\BOOKMARK [2][-]{section*.1}{Comparison with representative agent economies}{section.4}% 8
\BOOKMARK [1][-]{section.5}{Optimal equilibria with affine taxes}{}% 9
\BOOKMARK [1][-]{section.6}{Ergodic distribution and policies in the long run }{}% 10
\BOOKMARK [2][-]{subsection.6.1}{IID shocks with two values}{section.6}% 11
\BOOKMARK [3][-]{section*.2}{A two-agent example}{subsection.6.1}% 12
\BOOKMARK [3][-]{section*.3}{Correlation of net assets and productivities}{subsection.6.1}% 13
\BOOKMARK [2][-]{subsection.6.2}{Stability}{section.6}% 14
\BOOKMARK [2][-]{subsection.6.3}{More general shocks}{section.6}% 15
\BOOKMARK [1][-]{section.7}{Optimal policy in booms and recessions}{}% 16
\BOOKMARK [2][-]{subsection.7.1}{Calibration}{section.7}% 17
\BOOKMARK [2][-]{subsection.7.2}{Outcomes}{section.7}% 18
\BOOKMARK [3][-]{section*.4}{Long run}{subsection.7.2}% 19
\BOOKMARK [3][-]{section*.5}{Short run}{subsection.7.2}% 20
\BOOKMARK [1][-]{section.8}{Concluding remarks}{}% 21
\BOOKMARK [1][-]{appendix.1}{Appendix}{}% 22
\BOOKMARK [2][-]{subsection.1.1}{Additional details for Section 3.1}{appendix.1}% 23
\BOOKMARK [2][-]{subsection.1.2}{Proof of Proposition 4}{appendix.1}% 24
\BOOKMARK [2][-]{subsection.1.3}{Additional details for Lemma 1}{appendix.1}% 25
\BOOKMARK [2][-]{subsection.1.4}{Proof of Proposition 5}{appendix.1}% 26
\BOOKMARK [2][-]{subsection.1.5}{Linearization Algorithm}{appendix.1}% 27
\BOOKMARK [2][-]{subsection.1.6}{Proof for Proposition 6}{appendix.1}% 28
